================================================================================
SQUEEZENET QUICK HYPERPARAMETER TUNING
================================================================================

Device: mps

Total experiments: 32 (30 epochs each)

[1/32] lr=0.001, batch=64, wd=0.0, opt=adam
--------------------------------------------------------------------------------
  Epoch  10/30: Train=15.15%, Test=16.34%
  Epoch  20/30: Train=17.24%, Test=17.39%
  Epoch  30/30: Train=18.19%, Test=17.75%
⭐ NEW BEST: 18.24%

[2/32] lr=0.001, batch=64, wd=0.0, opt=sgd
--------------------------------------------------------------------------------
  Epoch  10/30: Train=48.51%, Test=52.42%
  Epoch  20/30: Train=57.47%, Test=60.21%
  Epoch  30/30: Train=62.49%, Test=63.69%
⭐ NEW BEST: 63.69%

[3/32] lr=0.001, batch=64, wd=0.0005, opt=adam
--------------------------------------------------------------------------------
  Epoch  10/30: Train=52.52%, Test=54.83%
  Epoch  20/30: Train=62.28%, Test=63.81%
  Epoch  30/30: Train=65.90%, Test=67.53%
⭐ NEW BEST: 67.53%

[4/32] lr=0.001, batch=64, wd=0.0005, opt=sgd
--------------------------------------------------------------------------------
  Epoch  10/30: Train=49.80%, Test=53.28%
  Epoch  20/30: Train=58.49%, Test=61.08%
  Epoch  30/30: Train=63.79%, Test=65.37%

[5/32] lr=0.001, batch=128, wd=0.0, opt=adam
--------------------------------------------------------------------------------
  Epoch  10/30: Train=46.44%, Test=46.19%
  Epoch  20/30: Train=51.24%, Test=51.20%
  Epoch  30/30: Train=54.10%, Test=52.71%

[6/32] lr=0.001, batch=128, wd=0.0, opt=sgd
--------------------------------------------------------------------------------
  Epoch  10/30: Train=44.91%, Test=43.82%
  Epoch  20/30: Train=51.85%, Test=54.03%
  Epoch  30/30: Train=56.94%, Test=58.98%

[7/32] lr=0.001, batch=128, wd=0.0005, opt=adam
--------------------------------------------------------------------------------
  Epoch  10/30: Train=29.61%, Test=31.98%
  Epoch  20/30: Train=32.15%, Test=36.79%
  Epoch  30/30: Train=47.74%, Test=52.24%

[8/32] lr=0.001, batch=128, wd=0.0005, opt=sgd
--------------------------------------------------------------------------------
  Epoch  10/30: Train=44.16%, Test=45.33%
  Epoch  20/30: Train=52.10%, Test=54.03%
  Epoch  30/30: Train=57.37%, Test=59.86%

[9/32] lr=0.01, batch=64, wd=0.0, opt=adam
--------------------------------------------------------------------------------
  Epoch  10/30: Train=10.00%, Test=10.00%
  Epoch  20/30: Train=10.00%, Test=10.00%
  Epoch  30/30: Train=10.00%, Test=10.00%

[10/32] lr=0.01, batch=64, wd=0.0, opt=sgd
--------------------------------------------------------------------------------
  Epoch  10/30: Train=49.41%, Test=52.91%
  Epoch  20/30: Train=60.95%, Test=62.51%
  Epoch  30/30: Train=66.75%, Test=68.12%
⭐ NEW BEST: 68.12%

[11/32] lr=0.01, batch=64, wd=0.0005, opt=adam
--------------------------------------------------------------------------------
  Epoch  10/30: Train=10.00%, Test=10.00%
  Epoch  20/30: Train=10.00%, Test=10.00%
  Epoch  30/30: Train=10.02%, Test=10.00%

[12/32] lr=0.01, batch=64, wd=0.0005, opt=sgd
--------------------------------------------------------------------------------
  Epoch  10/30: Train=55.76%, Test=56.40%
  Epoch  20/30: Train=65.96%, Test=67.35%
  Epoch  30/30: Train=70.72%, Test=71.59%
⭐ NEW BEST: 71.82%

[13/32] lr=0.01, batch=128, wd=0.0, opt=adam
--------------------------------------------------------------------------------
  Epoch  10/30: Train=10.00%, Test=10.00%
  Epoch  20/30: Train=10.00%, Test=10.00%
  Epoch  30/30: Train=10.00%, Test=10.00%

[14/32] lr=0.01, batch=128, wd=0.0, opt=sgd
--------------------------------------------------------------------------------
  Epoch  10/30: Train=53.37%, Test=56.40%
  Epoch  20/30: Train=62.93%, Test=65.34%
  Epoch  30/30: Train=67.60%, Test=70.21%

[15/32] lr=0.01, batch=128, wd=0.0005, opt=adam
--------------------------------------------------------------------------------
  Epoch  10/30: Train=10.00%, Test=10.00%
  Epoch  20/30: Train=10.00%, Test=10.00%
  Epoch  30/30: Train=10.00%, Test=10.00%

[16/32] lr=0.01, batch=128, wd=0.0005, opt=sgd
--------------------------------------------------------------------------------
  Epoch  10/30: Train=55.13%, Test=57.67%
  Epoch  20/30: Train=66.28%, Test=67.02%
  Epoch  30/30: Train=71.39%, Test=72.85%
⭐ NEW BEST: 72.88%

[17/32] lr=0.05, batch=64, wd=0.0, opt=adam
--------------------------------------------------------------------------------
  Epoch  10/30: Train=10.00%, Test=10.00%
  Epoch  20/30: Train=10.00%, Test=10.00%
  Epoch  30/30: Train=10.00%, Test=10.00%

[18/32] lr=0.05, batch=64, wd=0.0, opt=sgd
--------------------------------------------------------------------------------
  Epoch  10/30: Train=10.09%, Test=13.32%
  Epoch  20/30: Train=10.00%, Test=10.00%
  Epoch  30/30: Train=10.00%, Test=10.00%

[19/32] lr=0.05, batch=64, wd=0.0005, opt=adam
--------------------------------------------------------------------------------
  Epoch  10/30: Train=10.00%, Test=10.00%
  Epoch  20/30: Train=10.00%, Test=10.00%
  Epoch  30/30: Train= 9.98%, Test=10.00%

[20/32] lr=0.05, batch=64, wd=0.0005, opt=sgd
--------------------------------------------------------------------------------
  Epoch  10/30: Train=10.00%, Test=10.00%
  Epoch  20/30: Train=10.00%, Test=10.00%
  Epoch  30/30: Train=10.00%, Test=10.00%

[21/32] lr=0.05, batch=128, wd=0.0, opt=adam
--------------------------------------------------------------------------------
  Epoch  10/30: Train=10.00%, Test=10.00%
  Epoch  20/30: Train=10.00%, Test=10.00%
  Epoch  30/30: Train=10.00%, Test=10.00%

[22/32] lr=0.05, batch=128, wd=0.0, opt=sgd
--------------------------------------------------------------------------------
  Epoch  10/30: Train=10.00%, Test=10.00%
  Epoch  20/30: Train=10.00%, Test=10.00%
  Epoch  30/30: Train=10.00%, Test=10.00%

[23/32] lr=0.05, batch=128, wd=0.0005, opt=adam
--------------------------------------------------------------------------------
  Epoch  10/30: Train=10.00%, Test=10.00%
  Epoch  20/30: Train=10.00%, Test=10.00%
  Epoch  30/30: Train=10.00%, Test=10.00%

[24/32] lr=0.05, batch=128, wd=0.0005, opt=sgd
--------------------------------------------------------------------------------
  Epoch  10/30: Train=22.61%, Test=16.15%
  Epoch  20/30: Train=30.93%, Test=34.83%
  Epoch  30/30: Train=42.88%, Test=40.95%

[25/32] lr=0.1, batch=64, wd=0.0, opt=adam
--------------------------------------------------------------------------------
  Epoch  10/30: Train=10.00%, Test=10.00%
  Epoch  20/30: Train=10.00%, Test=10.00%
  Epoch  30/30: Train=10.00%, Test=10.00%

[26/32] lr=0.1, batch=64, wd=0.0, opt=sgd
--------------------------------------------------------------------------------
  Epoch  10/30: Train=10.00%, Test=10.00%
  Epoch  20/30: Train=10.00%, Test=10.00%
  Epoch  30/30: Train=10.00%, Test=10.00%

[27/32] lr=0.1, batch=64, wd=0.0005, opt=adam
--------------------------------------------------------------------------------
  Epoch  10/30: Train=10.00%, Test=10.00%
  Epoch  20/30: Train=10.00%, Test=10.00%
  Epoch  30/30: Train=10.00%, Test=10.00%

[28/32] lr=0.1, batch=64, wd=0.0005, opt=sgd
--------------------------------------------------------------------------------
  Epoch  10/30: Train=10.00%, Test=10.00%
  Epoch  20/30: Train=10.00%, Test=10.00%
  Epoch  30/30: Train=10.00%, Test=10.00%

[29/32] lr=0.1, batch=128, wd=0.0, opt=adam
--------------------------------------------------------------------------------
  Epoch  10/30: Train=10.00%, Test=10.00%
  Epoch  20/30: Train=10.00%, Test=10.00%
  Epoch  30/30: Train=10.00%, Test=10.00%

[30/32] lr=0.1, batch=128, wd=0.0, opt=sgd
--------------------------------------------------------------------------------
  Epoch  10/30: Train=10.00%, Test=10.00%
  Epoch  20/30: Train=10.00%, Test=10.00%
  Epoch  30/30: Train=10.00%, Test=10.00%

[31/32] lr=0.1, batch=128, wd=0.0005, opt=adam
--------------------------------------------------------------------------------
  Epoch  10/30: Train=10.00%, Test=10.00%
  Epoch  20/30: Train=10.00%, Test=10.00%
  Epoch  30/30: Train=10.00%, Test=10.00%

[32/32] lr=0.1, batch=128, wd=0.0005, opt=sgd
--------------------------------------------------------------------------------
  Epoch  10/30: Train=10.00%, Test=10.00%
  Epoch  20/30: Train=10.00%, Test=10.00%
  Epoch  30/30: Train=10.00%, Test=10.00%

================================================================================
QUICK TUNING COMPLETE
================================================================================

Completed: 32/32

🏆 BEST CONFIGURATION:
   lr: 0.01
   batch_size: 128
   weight_decay: 0.0005
   optimizer: sgd
   momentum: 0.9
   seed: 42
   best_test_acc: 72.88
   best_epoch: 29
   final_test_acc: 72.85
   final_train_acc: 71.388

📊 Results: hyperparameter_tuning_results/quick_results_20251209_223250.csv, hyperparameter_tuning_results/quick_summary_20251209_223250.json
